F:\AB\AB抓抓\DEBUG\AB抓抓.EXE.EMBED.MANIFEST
F:\AB\AB抓抓\DEBUG\AB抓抓.EXE.EMBED.MANIFEST.RES
F:\AB\AB抓抓\DEBUG\AB抓抓.EXE.INTERMEDIATE.MANIFEST
F:\AB\AB抓抓\DEBUG\AB抓抓.OBJ
F:\AB\AB抓抓\DEBUG\AB抓抓.PCH
F:\AB\AB抓抓\DEBUG\AB抓抓.RES
F:\AB\AB抓抓\Debug\AB抓抓.vcxprojResolveAssemblyReference.cache
F:\AB\AB抓抓\Debug\AB抓抓.write.1.tlog
F:\AB\AB抓抓\Debug\AB抓抓_manifest.rc
F:\AB\AB抓抓\DEBUG\AB抓抓DLG.OBJ
F:\AB\AB抓抓\DEBUG\CATCHSCREENDLG.OBJ
F:\AB\AB抓抓\Debug\cl.command.1.tlog
F:\AB\AB抓抓\Debug\CL.read.1.tlog
F:\AB\AB抓抓\Debug\CL.write.1.tlog
F:\AB\AB抓抓\DEBUG\COLORSTATIC.OBJ
F:\AB\AB抓抓\Debug\link.command.1.tlog
F:\AB\AB抓抓\Debug\link.read.1.tlog
F:\AB\AB抓抓\Debug\link.write.1.tlog
F:\AB\AB抓抓\Debug\link-cvtres.read.1.tlog
F:\AB\AB抓抓\Debug\link-cvtres.write.1.tlog
F:\AB\AB抓抓\Debug\mt.command.1.tlog
F:\AB\AB抓抓\Debug\mt.read.1.tlog
F:\AB\AB抓抓\Debug\mt.write.1.tlog
F:\AB\AB抓抓\DEBUG\MYAUTOBUILTCODECLASS.OBJ
F:\AB\AB抓抓\DEBUG\MYCATCHHTMLELEMENTCLASS.OBJ
F:\AB\AB抓抓\DEBUG\MYCATCHMOUSESHAPE.OBJ
F:\AB\AB抓抓\DEBUG\MYCATCHMOUSEWINDOWINFO.OBJ
F:\AB\AB抓抓\DEBUG\MYCOLORDIALOGINFO.OBJ
F:\AB\AB抓抓\DEBUG\MYDRAWPICTURECLASS.OBJ
F:\AB\AB抓抓\DEBUG\MYEDIT.OBJ
F:\AB\AB抓抓\DEBUG\MYFINDPICTURECLASS.OBJ
F:\AB\AB抓抓\DEBUG\MYINTERFACEPROPSHEET.OBJ
F:\AB\AB抓抓\DEBUG\MYNOTETEXT.OBJ
F:\AB\AB抓抓\DEBUG\MYPIC.OBJ
F:\AB\AB抓抓\DEBUG\MYPICFULLSCREENSHOW.OBJ
F:\AB\AB抓抓\DEBUG\MYPICKERCOLOR.OBJ
F:\AB\AB抓抓\DEBUG\MYPROCESSPICINFO.OBJ
F:\AB\AB抓抓\DEBUG\MYSETTINGDLGCLASS.OBJ
F:\AB\AB抓抓\DEBUG\MYSHOWPIC.OBJ
F:\AB\AB抓抓\DEBUG\MYSHOWSUBWNDLISTITEM.OBJ
F:\AB\AB抓抓\DEBUG\MYTRACKER.OBJ
F:\AB\AB抓抓\DEBUG\MYWNDHANDLELIST.OBJ
F:\AB\AB抓抓\Debug\rc.command.1.tlog
F:\AB\AB抓抓\Debug\rc.read.1.tlog
F:\AB\AB抓抓\Debug\rc.write.1.tlog
F:\AB\AB抓抓\DEBUG\STDAFX.OBJ
F:\AB\AB抓抓\DEBUG\TCEXPLORER.OBJ
F:\AB\AB抓抓\Debug\vc100.idb
F:\AB\AB抓抓\DEBUG\VC100.PDB
F:\AB\DEBUG\AB抓抓.EXE
F:\AB\DEBUG\AB抓抓.ILK
F:\AB\DEBUG\AB抓抓.PDB
